2025-02-14T14:25:54.085368-0300 - Primeira atividade iniciada
2025-02-14T14:25:55.087889-0300 - Primeira atividade finalizada
2025-02-14T14:25:55.089889-0300 - Segunda atividade iniciada
2025-02-14T14:25:56.091183-0300 - Segunda atividade finalizada
2025-02-14T14:25:56.091183-0300 - Terceira atividade iniciada
2025-02-14T14:25:57.091956-0300 - Terceira atividade finalizada
2025-02-14T14:25:57.091956-0300 - Pipeline finalizada
2025-02-14T14:26:07.093271-0300 - Primeira atividade iniciada
2025-02-14T14:26:08.095425-0300 - Primeira atividade finalizada
2025-02-14T14:26:08.095425-0300 - Segunda atividade iniciada
2025-02-14T14:26:09.096850-0300 - Segunda atividade finalizada
2025-02-14T14:26:09.096850-0300 - Terceira atividade iniciada
2025-02-14T14:26:10.109088-0300 - Terceira atividade finalizada
2025-02-14T14:26:10.110090-0300 - Pipeline finalizada
2025-02-14T14:26:20.111437-0300 - Primeira atividade iniciada
2025-02-14T14:26:21.112449-0300 - Primeira atividade finalizada
2025-02-14T14:26:21.112449-0300 - Segunda atividade iniciada
2025-02-14T14:26:22.114379-0300 - Segunda atividade finalizada
2025-02-14T14:26:22.115370-0300 - Terceira atividade iniciada
2025-02-14T14:26:23.117434-0300 - Terceira atividade finalizada
2025-02-14T14:26:23.118410-0300 - Pipeline finalizada
2025-02-14T14:26:33.119916-0300 - Primeira atividade iniciada
2025-02-14T14:26:34.121141-0300 - Primeira atividade finalizada
2025-02-14T14:26:34.121956-0300 - Segunda atividade iniciada
2025-02-14T14:26:35.122800-0300 - Segunda atividade finalizada
2025-02-14T14:26:35.124144-0300 - Terceira atividade iniciada
2025-02-14T14:26:36.125851-0300 - Terceira atividade finalizada
2025-02-14T14:26:36.125851-0300 - Pipeline finalizada
2025-02-14T14:26:46.126749-0300 - Primeira atividade iniciada
2025-02-14T14:26:47.128127-0300 - Primeira atividade finalizada
2025-02-14T14:26:47.128127-0300 - Segunda atividade iniciada
2025-02-14T14:26:48.129716-0300 - Segunda atividade finalizada
2025-02-14T14:26:48.129716-0300 - Terceira atividade iniciada
2025-02-14T14:26:49.131446-0300 - Terceira atividade finalizada
2025-02-14T14:26:49.134237-0300 - Pipeline finalizada
